<?xml version="1.0" encoding="UTF-8"?>
<testsuites name="ferret-scan" tests="1" failures="1" errors="0" time="0.000">
  <testsuite name="security-scan" tests="1" failures="1" errors="0" time="0.000">
    <testcase name="&lt;golden:cloud_resources_test_context&gt;" classname="security-scan" time="0.001">
      <failure message="2 security findings detected" type="SECURITY_FINDINGS">Line 1: AWS_ARN detected with 95.0% confidence (HIGH)&#xA;Match: arn:aws:iam::123456789012:role/PaymentsAdmin&#xA;Validator: cloud_resources&#xA;Line 2: AWS_ARN detected with 75.0% confidence (MEDIUM)&#xA;Match: arn:aws:iam::123456789012:role/PaymentsAdmin&#xA;Validator: cloud_resources</failure>
    </testcase>
  </testsuite>
</testsuites>