<?xml version="1.0" encoding="UTF-8"?>
<testsuites name="ferret-scan" tests="1" failures="1" errors="0" time="0.000">
  <testsuite name="security-scan" tests="1" failures="1" errors="0" time="0.000">
    <testcase name="&lt;golden:context_decoys_original&gt;" classname="security-scan" time="0.001">
      <failure message="6 security findings detected" type="SECURITY_FINDINGS">Line 4: PHONE detected with 100.0% confidence (HIGH)&#xA;Match: 212-555-0142&#xA;Validator: phone&#xA;Line 1: SSN detected with 100.0% confidence (HIGH)&#xA;Match: 449-87-4100&#xA;Validator: ssn&#xA;Line 2: SSN detected with 100.0% confidence (HIGH)&#xA;Match: 449-87-4100&#xA;Validator: ssn&#xA;Line 3: SSN detected with 100.0% confidence (HIGH)&#xA;Match: 526-33-8210&#xA;Validator: ssn&#xA;Line 6: PHONE detected with 65.0% confidence (MEDIUM)&#xA;Match: 313-555-0175&#xA;Validator: phone&#xA;Line 5: PHONE detected with 65.0% confidence (MEDIUM)&#xA;Match: 212-555-0142&#xA;Validator: phone</failure>
    </testcase>
  </testsuite>
</testsuites>