<?xml version="1.0" encoding="UTF-8"?>
<testsuites name="ferret-scan" tests="1" failures="1" errors="0" time="0.000">
  <testsuite name="security-scan" tests="1" failures="1" errors="0" time="0.000">
    <testcase name="&lt;golden:context_keywords_snake_case&gt;" classname="security-scan" time="0.001">
      <failure message="4 security findings detected" type="SECURITY_FINDINGS">Line 1: SSN detected with 100.0% confidence (HIGH)&#xA;Match: 449-87-4100&#xA;Validator: ssn&#xA;Line 2: SSN detected with 100.0% confidence (HIGH)&#xA;Match: 449-87-4101&#xA;Validator: ssn&#xA;Line 3: DATE_OF_BIRTH detected with 90.0% confidence (HIGH)&#xA;Match: 1985-03-14&#xA;Validator: dob&#xA;Line 6: SSN detected with 65.0% confidence (MEDIUM)&#xA;Match: 449-87-4102&#xA;Validator: ssn</failure>
    </testcase>
  </testsuite>
</testsuites>