<?xml version="1.0" encoding="UTF-8"?>
<testsuites name="ferret-scan" tests="1" failures="1" errors="0" time="0.000">
  <testsuite name="security-scan" tests="1" failures="1" errors="0" time="0.000">
    <testcase name="&lt;golden:creditcard_phone_overlap&gt;" classname="security-scan" time="0.001">
      <failure message="3 security findings detected" type="SECURITY_FINDINGS">Line 1: VISA detected with 100.0% confidence (HIGH)&#xA;Match: 4532 0151 1283 0366&#xA;Validator: creditcard&#xA;Line 2: PHONE detected with 100.0% confidence (HIGH)&#xA;Match: 212-555-0142&#xA;Validator: phone&#xA;Line 1: PHONE detected with 50.0% confidence (LOW)&#xA;Match: 0151 1283 0366&#xA;Validator: phone</failure>
    </testcase>
  </testsuite>
</testsuites>