<?xml version="1.0" encoding="UTF-8"?>
<testsuites name="ferret-scan" tests="1" failures="1" errors="0" time="0.000">
  <testsuite name="security-scan" tests="1" failures="1" errors="0" time="0.000">
    <testcase name="&lt;golden:creditcard_brands&gt;" classname="security-scan" time="0.001">
      <failure message="3 security findings detected" type="SECURITY_FINDINGS">Line 3: AMERICAN_EXPRESS detected with 100.0% confidence (HIGH)&#xA;Match: 374245455400126&#xA;Validator: creditcard&#xA;Line 2: MASTERCARD detected with 100.0% confidence (HIGH)&#xA;Match: 5425233430109903&#xA;Validator: creditcard&#xA;Line 1: VISA detected with 100.0% confidence (HIGH)&#xA;Match: 4532015112830366&#xA;Validator: creditcard</failure>
    </testcase>
  </testsuite>
</testsuites>