<?xml version="1.0" encoding="UTF-8"?>
<testsuites name="ferret-scan" tests="1" failures="1" errors="0" time="0.000">
  <testsuite name="security-scan" tests="1" failures="1" errors="0" time="0.000">
    <testcase name="&lt;golden:email_variants&gt;" classname="security-scan" time="0.001">
      <failure message="3 security findings detected" type="SECURITY_FINDINGS">Line 1: BUSINESS detected with 100.0% confidence (HIGH)&#xA;Match: support@acme-corp.com&#xA;Validator: email&#xA;Line 2: GMAIL detected with 100.0% confidence (HIGH)&#xA;Match: alice@gmail.com&#xA;Validator: email&#xA;Line 3: BUSINESS detected with 88.0% confidence (MEDIUM)&#xA;Match: no-reply@internal.example.org&#xA;Validator: email</failure>
    </testcase>
  </testsuite>
</testsuites>