<?xml version="1.0" encoding="UTF-8"?>
<testsuites name="ferret-scan" tests="1" failures="1" errors="0" time="0.000">
  <testsuite name="security-scan" tests="1" failures="1" errors="0" time="0.000">
    <testcase name="alt_case.docx" classname="security-scan" time="0.001">
      <failure message="2 security findings detected" type="SECURITY_FINDINGS">Line 1: AUTHOR_INFO detected with 60.0% confidence (MEDIUM)&#xA;Match: Jane Analyst&#xA;Validator: metadata&#xA;Line 2: LAST_MODIFIED_BY detected with 60.0% confidence (MEDIUM)&#xA;Match: Ops Reviewer&#xA;Validator: metadata</failure>
    </testcase>
  </testsuite>
</testsuites>