<?xml version="1.0" encoding="UTF-8"?>
<testsuites name="ferret-scan" tests="1" failures="1" errors="0" time="0.000">
  <testsuite name="security-scan" tests="1" failures="1" errors="0" time="0.000">
    <testcase name="config.py" classname="security-scan" time="0.001">
      <failure message="2 security findings detected" type="SECURITY_FINDINGS">Line 2: SSN detected with 100.0% confidence (HIGH)&#xA;Match: 449-87-4100&#xA;Validator: ssn&#xA;Line 1: AWS_ACCESS_KEY detected with 15.0% confidence (LOW)&#xA;Match: AKIAIOSFODNN7EXAMPLE&#xA;Validator: secrets</failure>
    </testcase>
  </testsuite>
</testsuites>