<?xml version="1.0" encoding="UTF-8"?>
<testsuites name="ferret-scan" tests="1" failures="1" errors="0" time="0.000">
  <testsuite name="security-scan" tests="1" failures="1" errors="0" time="0.000">
    <testcase name="books_named.xlsx" classname="security-scan" time="0.001">
      <failure message="AUTHOR_INFO found: Jane Analyst" type="AUTHOR_INFO">Line 1: AUTHOR_INFO detected with 60.0% confidence (MEDIUM)&#xA;Match: Jane Analyst&#xA;Validator: metadata</failure>
    </testcase>
  </testsuite>
</testsuites>