<?xml version="1.0" encoding="UTF-8"?>
<testsuites name="ferret-scan" tests="1" failures="1" errors="0" time="0.000">
  <testsuite name="security-scan" tests="1" failures="1" errors="0" time="0.000">
    <testcase name="settings.json" classname="security-scan" time="0.001">
      <failure message="BUSINESS found: admin@example.com" type="BUSINESS">Line 2: BUSINESS detected with 36.0% confidence (LOW)&#xA;Match: admin@example.com&#xA;Validator: email</failure>
    </testcase>
  </testsuite>
</testsuites>