<?xml version="1.0" encoding="UTF-8"?>
<testsuites name="ferret-scan" tests="1" failures="1" errors="0" time="0.000">
  <testsuite name="security-scan" tests="1" failures="1" errors="0" time="0.000">
    <testcase name="config.go" classname="security-scan" time="0.001">
      <failure message="3 security findings detected" type="SECURITY_FINDINGS">Line 3: BUSINESS detected with 40.0% confidence (LOW)&#xA;Match: ops@example.com&#xA;Validator: email&#xA;Line 4: AWS_ACCESS_KEY detected with 15.0% confidence (LOW)&#xA;Match: AKIAIOSFODNN7EXAMPLE&#xA;Validator: secrets&#xA;Line 5: AWS_SECRET_ACCESS_KEY detected with 15.0% confidence (LOW)&#xA;Match: wJalrXUtnFEMI/K7MDENG/bPxRfiCYEXAMPLEKEY&#xA;Validator: secrets</failure>
    </testcase>
  </testsuite>
</testsuites>