<?xml version="1.0" encoding="UTF-8"?>
<testsuites name="ferret-scan" tests="1" failures="1" errors="0" time="0.000">
  <testsuite name="security-scan" tests="1" failures="1" errors="0" time="0.000">
    <testcase name="&lt;golden:keyword_separator_forms&gt;" classname="security-scan" time="0.001">
      <failure message="5 security findings detected" type="SECURITY_FINDINGS">Line 1: INSURANCE_MEMBER_ID detected with 80.0% confidence (MEDIUM)&#xA;Match: W1234567801&#xA;Validator: medicalid&#xA;Line 2: INSURANCE_MEMBER_ID detected with 80.0% confidence (MEDIUM)&#xA;Match: X9876543210&#xA;Validator: medicalid&#xA;Line 3: INSURANCE_MEMBER_ID detected with 80.0% confidence (MEDIUM)&#xA;Match: W1122009988&#xA;Validator: medicalid&#xA;Line 4: INSURANCE_MEMBER_ID detected with 80.0% confidence (MEDIUM)&#xA;Match: X5556667778&#xA;Validator: medicalid&#xA;Line 5: INSURANCE_MEMBER_ID detected with 80.0% confidence (MEDIUM)&#xA;Match: W3344556677&#xA;Validator: medicalid</failure>
    </testcase>
  </testsuite>
</testsuites>