<?xml version="1.0" encoding="UTF-8"?>
<testsuites name="ferret-scan" tests="1" failures="1" errors="0" time="0.000">
  <testsuite name="security-scan" tests="1" failures="1" errors="0" time="0.000">
    <testcase name="&lt;golden:medical_long_form_labels&gt;" classname="security-scan" time="0.001">
      <failure message="6 security findings detected" type="SECURITY_FINDINGS">Line 3: MEDICARE_MBI detected with 85.0% confidence (MEDIUM)&#xA;Match: 1EG4TE5MK73&#xA;Validator: medicalid&#xA;Line 2: INSURANCE_MEMBER_ID detected with 80.0% confidence (MEDIUM)&#xA;Match: X9876543210&#xA;Validator: medicalid&#xA;Line 6: INSURANCE_MEMBER_ID detected with 80.0% confidence (MEDIUM)&#xA;Match: W1122009988&#xA;Validator: medicalid&#xA;Line 4: MRN detected with 80.0% confidence (MEDIUM)&#xA;Match: 4472901&#xA;Validator: medicalid&#xA;Line 1: INSURANCE_MEMBER_ID detected with 70.0% confidence (MEDIUM)&#xA;Match: W1234567801&#xA;Validator: medicalid&#xA;Line 5: INSURANCE_MEMBER_ID detected with 70.0% confidence (MEDIUM)&#xA;Match: P5551234567&#xA;Validator: medicalid</failure>
    </testcase>
  </testsuite>
</testsuites>