<?xml version="1.0" encoding="UTF-8"?>
<testsuites name="ferret-scan" tests="1" failures="1" errors="0" time="0.000">
  <testsuite name="security-scan" tests="1" failures="1" errors="0" time="0.000">
    <testcase name="&lt;golden:mixed_pii_basic&gt;" classname="security-scan" time="0.001">
      <failure message="5 security findings detected" type="SECURITY_FINDINGS">Line 4: VISA detected with 100.0% confidence (HIGH)&#xA;Match: 4532-0151-1283-0366&#xA;Validator: creditcard&#xA;Line 3: SSN detected with 100.0% confidence (HIGH)&#xA;Match: 449-87-4100&#xA;Validator: ssn&#xA;Line 1: PHONE detected with 73.0% confidence (MEDIUM)&#xA;Match: 212-555-0142&#xA;Validator: phone&#xA;Line 2: AWS_ACCESS_KEY detected with 69.0% confidence (MEDIUM)&#xA;Match: AKIAIOSFODNN7EXAMPLE&#xA;Validator: secrets&#xA;Line 1: BUSINESS detected with 33.0% confidence (LOW)&#xA;Match: john.doe@example.com&#xA;Validator: email</failure>
    </testcase>
  </testsuite>
</testsuites>