<?xml version="1.0" encoding="UTF-8"?>
<testsuites name="ferret-scan" tests="1" failures="1" errors="0" time="0.000">
  <testsuite name="security-scan" tests="1" failures="1" errors="0" time="0.000">
    <testcase name="&lt;golden:passport_csv_header_column&gt;" classname="security-scan" time="0.001">
      <failure message="8 security findings detected" type="SECURITY_FINDINGS">Line 2: BUSINESS detected with 100.0% confidence (HIGH)&#xA;Match: jane.smith@acmecorp.io&#xA;Validator: email&#xA;Line 3: BUSINESS detected with 100.0% confidence (HIGH)&#xA;Match: bob.jones@acmecorp.io&#xA;Validator: email&#xA;Line 4: BUSINESS detected with 100.0% confidence (HIGH)&#xA;Match: amy.lee@acmecorp.io&#xA;Validator: email&#xA;Line 5: BUSINESS detected with 100.0% confidence (HIGH)&#xA;Match: sam.roe@acmecorp.io&#xA;Validator: email&#xA;Line 2: PASSPORT detected with 100.0% confidence (HIGH)&#xA;Match: 987654321&#xA;Validator: passport&#xA;Line 3: PASSPORT detected with 100.0% confidence (HIGH)&#xA;Match: 512345678&#xA;Validator: passport&#xA;Line 4: PASSPORT detected with 100.0% confidence (HIGH)&#xA;Match: 512345671&#xA;Validator: passport&#xA;Line 5: PASSPORT detected with 100.0% confidence (HIGH)&#xA;Match: 987654322&#xA;Validator: passport</failure>
    </testcase>
  </testsuite>
</testsuites>