<?xml version="1.0" encoding="UTF-8"?>
<testsuites name="ferret-scan" tests="1" failures="1" errors="0" time="0.000">
  <testsuite name="security-scan" tests="1" failures="1" errors="0" time="0.000">
    <testcase name="&lt;golden:passport_mrz_line2_check_digits&gt;" classname="security-scan" time="0.001">
      <failure message="2 security findings detected" type="SECURITY_FINDINGS">Line 2: PASSPORT detected with 85.0% confidence (MEDIUM)&#xA;Match: L898902C36GBR7408122M1204159ZE184226B&lt;&lt;&lt;&lt;&lt;10&#xA;Validator: passport&#xA;Line 1: PASSPORT detected with 80.0% confidence (MEDIUM)&#xA;Match: P&lt;GBRSMITH&lt;&lt;JOHN&lt;ALBERT&lt;&lt;&lt;&lt;&lt;&lt;&lt;&lt;&lt;&lt;&lt;&lt;&lt;&lt;&lt;&lt;&lt;&lt;&lt;&lt;&lt;&#xA;Validator: passport</failure>
    </testcase>
  </testsuite>
</testsuites>