<?xml version="1.0" encoding="UTF-8"?>
<testsuites name="ferret-scan" tests="1" failures="1" errors="0" time="0.000">
  <testsuite name="security-scan" tests="1" failures="1" errors="0" time="0.000">
    <testcase name="&lt;golden:secrets_aws&gt;" classname="security-scan" time="0.001">
      <failure message="2 security findings detected" type="SECURITY_FINDINGS">Line 1: AWS_ACCESS_KEY detected with 84.0% confidence (MEDIUM)&#xA;Match: AKIAIOSFODNN7EXAMPLE&#xA;Validator: secrets&#xA;Line 2: AWS_SECRET_ACCESS_KEY detected with 65.0% confidence (MEDIUM)&#xA;Match: wJalrXUtnFEMI/K7MDENG/bPxRfiCYEXAMPLEKEY&#xA;Validator: secrets</failure>
    </testcase>
  </testsuite>
</testsuites>